  glad.c
  cube.cpp
  glslprogram.cpp
  glutils.cpp
  objmesh.cpp
C:\Users\liamh\Documents\GitHub\comp3015-optmised-Developer-tools\Comp3015 cousework 2\Project_Template\helper\objmesh.cpp(188,43): warning C4267: '+=': conversion from 'size_t' to 'int', possible loss of data
C:\Users\liamh\Documents\GitHub\comp3015-optmised-Developer-tools\Comp3015 cousework 2\Project_Template\helper\objmesh.cpp(194,50): warning C4267: '+=': conversion from 'size_t' to 'int', possible loss of data
C:\Users\liamh\Documents\GitHub\comp3015-optmised-Developer-tools\Comp3015 cousework 2\Project_Template\helper\objmesh.cpp(198,45): warning C4267: '+=': conversion from 'size_t' to 'int', possible loss of data
  plane.cpp
  stb_image.cpp
  teapot.cpp
  texture.cpp
  torus.cpp
  trianglemesh.cpp
  main.cpp
C:\Users\liamh\Documents\GitHub\comp3015-optmised-Developer-tools\Comp3015 cousework 2\Project_Template\scenebasic_uniform.h(5,10): warning C4067: unexpected tokens following preprocessor directive - expected a newline
C:\Users\liamh\Documents\GitHub\comp3015-optmised-Developer-tools\Comp3015 cousework 2\Project_Template\scenebasic_uniform.h(6,10): warning C4067: unexpected tokens following preprocessor directive - expected a newline
  scenebasic_uniform.cpp
C:\Users\liamh\Documents\GitHub\comp3015-optmised-Developer-tools\Comp3015 cousework 2\Project_Template\scenebasic_uniform.h(5,10): warning C4067: unexpected tokens following preprocessor directive - expected a newline
C:\Users\liamh\Documents\GitHub\comp3015-optmised-Developer-tools\Comp3015 cousework 2\Project_Template\scenebasic_uniform.h(6,10): warning C4067: unexpected tokens following preprocessor directive - expected a newline
C:\Users\liamh\Documents\GitHub\comp3015-optmised-Developer-tools\Comp3015 cousework 2\Project_Template\scenebasic_uniform.cpp(3,10): warning C4067: unexpected tokens following preprocessor directive - expected a newline
C:\Users\liamh\Documents\GitHub\comp3015-optmised-Developer-tools\Comp3015 cousework 2\Project_Template\scenebasic_uniform.cpp(90,27): warning C4244: '+=': conversion from 'double' to 'float', possible loss of data
  Generating Code...
glfw3.lib(context.obj) : warning LNK4099: PDB 'glfw3.pdb' was not found with 'glfw3.lib(context.obj)' or at 'C:\Users\liamh\Documents\GitHub\comp3015-optmised-Developer-tools\Comp3015 cousework 2\Project_Template\x64\Debug\glfw3.pdb'; linking object as if no debug info
glfw3.lib(init.obj) : warning LNK4099: PDB 'glfw3.pdb' was not found with 'glfw3.lib(init.obj)' or at 'C:\Users\liamh\Documents\GitHub\comp3015-optmised-Developer-tools\Comp3015 cousework 2\Project_Template\x64\Debug\glfw3.pdb'; linking object as if no debug info
glfw3.lib(input.obj) : warning LNK4099: PDB 'glfw3.pdb' was not found with 'glfw3.lib(input.obj)' or at 'C:\Users\liamh\Documents\GitHub\comp3015-optmised-Developer-tools\Comp3015 cousework 2\Project_Template\x64\Debug\glfw3.pdb'; linking object as if no debug info
glfw3.lib(monitor.obj) : warning LNK4099: PDB 'glfw3.pdb' was not found with 'glfw3.lib(monitor.obj)' or at 'C:\Users\liamh\Documents\GitHub\comp3015-optmised-Developer-tools\Comp3015 cousework 2\Project_Template\x64\Debug\glfw3.pdb'; linking object as if no debug info
glfw3.lib(vulkan.obj) : warning LNK4099: PDB 'glfw3.pdb' was not found with 'glfw3.lib(vulkan.obj)' or at 'C:\Users\liamh\Documents\GitHub\comp3015-optmised-Developer-tools\Comp3015 cousework 2\Project_Template\x64\Debug\glfw3.pdb'; linking object as if no debug info
glfw3.lib(window.obj) : warning LNK4099: PDB 'glfw3.pdb' was not found with 'glfw3.lib(window.obj)' or at 'C:\Users\liamh\Documents\GitHub\comp3015-optmised-Developer-tools\Comp3015 cousework 2\Project_Template\x64\Debug\glfw3.pdb'; linking object as if no debug info
glfw3.lib(win32_init.obj) : warning LNK4099: PDB 'glfw3.pdb' was not found with 'glfw3.lib(win32_init.obj)' or at 'C:\Users\liamh\Documents\GitHub\comp3015-optmised-Developer-tools\Comp3015 cousework 2\Project_Template\x64\Debug\glfw3.pdb'; linking object as if no debug info
glfw3.lib(win32_joystick.obj) : warning LNK4099: PDB 'glfw3.pdb' was not found with 'glfw3.lib(win32_joystick.obj)' or at 'C:\Users\liamh\Documents\GitHub\comp3015-optmised-Developer-tools\Comp3015 cousework 2\Project_Template\x64\Debug\glfw3.pdb'; linking object as if no debug info
glfw3.lib(win32_monitor.obj) : warning LNK4099: PDB 'glfw3.pdb' was not found with 'glfw3.lib(win32_monitor.obj)' or at 'C:\Users\liamh\Documents\GitHub\comp3015-optmised-Developer-tools\Comp3015 cousework 2\Project_Template\x64\Debug\glfw3.pdb'; linking object as if no debug info
glfw3.lib(win32_time.obj) : warning LNK4099: PDB 'glfw3.pdb' was not found with 'glfw3.lib(win32_time.obj)' or at 'C:\Users\liamh\Documents\GitHub\comp3015-optmised-Developer-tools\Comp3015 cousework 2\Project_Template\x64\Debug\glfw3.pdb'; linking object as if no debug info
glfw3.lib(win32_thread.obj) : warning LNK4099: PDB 'glfw3.pdb' was not found with 'glfw3.lib(win32_thread.obj)' or at 'C:\Users\liamh\Documents\GitHub\comp3015-optmised-Developer-tools\Comp3015 cousework 2\Project_Template\x64\Debug\glfw3.pdb'; linking object as if no debug info
glfw3.lib(win32_window.obj) : warning LNK4099: PDB 'glfw3.pdb' was not found with 'glfw3.lib(win32_window.obj)' or at 'C:\Users\liamh\Documents\GitHub\comp3015-optmised-Developer-tools\Comp3015 cousework 2\Project_Template\x64\Debug\glfw3.pdb'; linking object as if no debug info
glfw3.lib(wgl_context.obj) : warning LNK4099: PDB '' was not found with 'glfw3.lib(wgl_context.obj)' or at ''; linking object as if no debug info
glfw3.lib(egl_context.obj) : warning LNK4099: PDB 'glfw3.pdb' was not found with 'glfw3.lib(egl_context.obj)' or at 'C:\Users\liamh\Documents\GitHub\comp3015-optmised-Developer-tools\Comp3015 cousework 2\Project_Template\x64\Debug\glfw3.pdb'; linking object as if no debug info
glfw3.lib(osmesa_context.obj) : warning LNK4099: PDB 'glfw3.pdb' was not found with 'glfw3.lib(osmesa_context.obj)' or at 'C:\Users\liamh\Documents\GitHub\comp3015-optmised-Developer-tools\Comp3015 cousework 2\Project_Template\x64\Debug\glfw3.pdb'; linking object as if no debug info
  Project_Template.vcxproj -> C:\Users\liamh\Documents\GitHub\comp3015-optmised-Developer-tools\Comp3015 cousework 2\Project_Template\x64\Debug\Project_Template.exe
